#-----------------------------------------------------------
# Vivado v2018.1 (64-bit)
# SW Build 2188600 on Wed Apr  4 18:40:38 MDT 2018
# IP Build 2185939 on Wed Apr  4 20:55:05 MDT 2018
# Start of session at: Wed Nov 11 17:10:25 2020
# Process ID: 9652
# Current directory: C:/Users/23216/Desktop/test/afe400
# Command line: vivado.exe -gui_launcher_event rodinguilauncherevent10192 C:\Users\23216\Desktop\test\afe400\afe400.xpr
# Log file: C:/Users/23216/Desktop/test/afe400/vivado.log
# Journal file: C:/Users/23216/Desktop/test/afe400\vivado.jou
#-----------------------------------------------------------
start_gui
open_project C:/Users/23216/Desktop/test/afe400/afe400.xpr
Scanning sources...
Finished scanning sources
INFO: [IP_Flow 19-234] Refreshing IP repositories
INFO: [IP_Flow 19-1704] No user IP repositories specified
INFO: [IP_Flow 19-2313] Loaded Vivado IP repository 'D:/vivado/Vivado/2018.1/data/ip'.
open_project: Time (s): cpu = 00:00:21 ; elapsed = 00:00:14 . Memory (MB): peak = 816.453 ; gain = 85.348
update_compile_order -fileset sources_1
exit
INFO: [Common 17-206] Exiting Vivado at Wed Nov 11 17:12:46 2020...
